\BOOKMARK [0][-]{Doc-Start}{\376\377\000A\000B\000S\000T\000R\000A\000K}{}% 1
\BOOKMARK [0][-]{Doc-Start}{\376\377\000A\000B\000S\000T\000R\000A\000C\000T}{}% 2
\BOOKMARK [0][-]{Doc-Start}{\376\377\000K\000A\000T\000A\000\040\000P\000E\000N\000G\000A\000N\000T\000A\000R}{}% 3
\BOOKMARK [0][-]{Item.7}{\376\377\000D\000A\000F\000T\000A\000R\000\040\000I\000S\000I}{}% 4
\BOOKMARK [0][-]{chapter*.1}{\376\377\000D\000A\000F\000T\000A\000R\000\040\000G\000A\000M\000B\000A\000R}{}% 5
\BOOKMARK [0][-]{chapter*.2}{\376\377\000D\000A\000F\000T\000A\000R\000\040\000T\000A\000B\000E\000L}{}% 6
\BOOKMARK [0][-]{chapter*.3}{\376\377\000P\000r\000o\000g\000r\000a\000m}{}% 7
\BOOKMARK [0][-]{chapter.1}{\376\377\0001\000\040\000P\000E\000N\000D\000A\000H\000U\000L\000U\000A\000N}{}% 8
\BOOKMARK [1][-]{section.1.1}{\376\377\0001\000.\0001\000\040\000L\000a\000t\000a\000r\000\040\000B\000e\000l\000a\000k\000a\000n\000g}{chapter.1}% 9
\BOOKMARK [1][-]{section.1.2}{\376\377\0001\000.\0002\000\040\000P\000e\000r\000m\000a\000s\000a\000l\000a\000h\000a\000n}{chapter.1}% 10
\BOOKMARK [1][-]{section.1.3}{\376\377\0001\000.\0003\000\040\000T\000u\000j\000u\000a\000n}{chapter.1}% 11
\BOOKMARK [1][-]{section.1.4}{\376\377\0001\000.\0004\000\040\000B\000a\000t\000a\000s\000a\000n\000\040\000M\000a\000s\000a\000l\000a\000h}{chapter.1}% 12
\BOOKMARK [1][-]{section.1.5}{\376\377\0001\000.\0005\000\040\000M\000a\000n\000f\000a\000a\000t}{chapter.1}% 13
\BOOKMARK [0][-]{chapter.2}{\376\377\0002\000\040\000T\000I\000N\000J\000A\000U\000A\000N\000\040\000P\000U\000S\000T\000A\000K\000A}{}% 14
\BOOKMARK [1][-]{section.2.1}{\376\377\0002\000.\0001\000\040\000P\000e\000n\000e\000l\000i\000t\000i\000a\000n\000\040\000T\000e\000r\000d\000a\000h\000u\000l\000u}{chapter.2}% 15
\BOOKMARK [2][-]{subsection.2.1.1}{\376\377\0002\000.\0001\000.\0001\000\040\000K\000o\000n\000t\000r\000o\000l\000\040\000K\000u\000r\000s\000i\000\040\000R\000o\000d\000a\000\040\000M\000e\000n\000g\000g\000u\000n\000a\000k\000a\000n\000\040\000S\000i\000n\000y\000a\000l\000\040\000S\000u\000a\000r\000a\000\040\000M\000e\000l\000a\000l\000u\000i\000\040\000B\000l\000u\000e\000t\000o\000o\000t\000h}{section.2.1}% 16
\BOOKMARK [2][-]{subsection.2.1.2}{\376\377\0002\000.\0001\000.\0002\000\040\000R\000a\000n\000c\000a\000n\000g\000\040\000B\000a\000n\000g\000u\000n\000\040\000K\000u\000r\000s\000i\000\040\000R\000o\000d\000a\000\040\000E\000l\000e\000k\000t\000r\000i\000k\000\040\000D\000e\000n\000g\000a\000n\000\040\000S\000i\000s\000t\000e\000m\000\040\000K\000o\000n\000t\000r\000o\000l\000\040\000J\000o\000y\000s\000t\000i\000c\000k\000\040\000D\000a\000n\000\040\000S\000m\000a\000r\000t\000p\000h\000o\000n\000e\000\040\000A\000n\000d\000r\000o\000i\000d}{section.2.1}% 17
\BOOKMARK [2][-]{subsection.2.1.3}{\376\377\0002\000.\0001\000.\0003\000\040\000W\000h\000e\000e\000l\000c\000h\000a\000i\000r\000\040\000C\000o\000n\000t\000r\000o\000l\000\040\000U\000s\000i\000n\000g\000\040\000B\000l\000u\000e\000t\000o\000o\000t\000h\000-\000B\000a\000s\000e\000d\000\040\000E\000l\000e\000c\000t\000r\000o\000m\000y\000o\000g\000r\000a\000p\000h\000y\000\040\000S\000i\000g\000n\000a\000l\000s}{section.2.1}% 18
\BOOKMARK [2][-]{subsection.2.1.4}{\376\377\0002\000.\0001\000.\0004\000\040\000P\000r\000o\000t\000o\000t\000i\000p\000e\000\040\000K\000u\000r\000s\000i\000\040\000R\000o\000d\000a\000\040\000E\000l\000e\000k\000t\000r\000i\000k\000\040\000D\000e\000n\000g\000a\000n\000\040\000K\000e\000n\000d\000a\000l\000i\000\040\000J\000o\000y\000s\000t\000i\000c\000k\000\040\000d\000a\000n\000\040\000S\000m\000a\000r\000t\000p\000h\000o\000n\000e}{section.2.1}% 19
\BOOKMARK [2][-]{subsection.2.1.5}{\376\377\0002\000.\0001\000.\0005\000\040\000P\000e\000n\000e\000l\000i\000t\000i\000a\000n\000\040\000T\000e\000r\000d\000a\000h\000u\000l\000u\000\040\0005}{section.2.1}% 20
\BOOKMARK [1][-]{section.2.2}{\376\377\0002\000.\0002\000\040\000T\000e\000o\000r\000i\000/\000K\000o\000n\000s\000e\000p\000\040\000D\000a\000s\000a\000r}{chapter.2}% 21
\BOOKMARK [2][-]{subsection.2.2.1}{\376\377\0002\000.\0002\000.\0001\000\040\000C\000o\000n\000v\000o\000l\000u\000t\000i\000o\000n\000a\000l\000\040\000N\000e\000u\000r\000a\000l\000\040\000N\000e\000t\000w\000o\000r\000k\000\040\000\050\000C\000N\000N\000\051}{section.2.2}% 22
\BOOKMARK [2][-]{subsection.2.2.2}{\376\377\0002\000.\0002\000.\0002\000\040\000N\000V\000I\000D\000I\000A\000\256\000\040\000J\000e\000t\000s\000o\000n\000\040\000N\000a\000n\000o\041\042}{section.2.2}% 23
\BOOKMARK [0][-]{chapter.3}{\376\377\0003\000\040\000M\000E\000T\000O\000D\000O\000L\000O\000G\000I}{}% 24
\BOOKMARK [1][-]{section.3.1}{\376\377\0003\000.\0001\000\040\000D\000e\000s\000k\000r\000i\000p\000s\000i\000\040\000S\000i\000s\000t\000e\000m}{chapter.3}% 25
\BOOKMARK [2][-]{subsection.3.1.1}{\376\377\0003\000.\0001\000.\0001\000\040\000E\000s\000t\000i\000m\000a\000s\000i\000\040\000P\000o\000s\000e}{section.3.1}% 26
\BOOKMARK [2][-]{subsection.3.1.2}{\376\377\0003\000.\0001\000.\0002\000\040\000K\000l\000a\000s\000i\000f\000i\000k\000a\000s\000i\000\040\000P\000o\000s\000e}{section.3.1}% 27
\BOOKMARK [2][-]{subsection.3.1.3}{\376\377\0003\000.\0001\000.\0003\000\040\000P\000a\000k\000e\000t\000\040\000D\000a\000t\000a}{section.3.1}% 28
\BOOKMARK [2][-]{subsection.3.1.4}{\376\377\0003\000.\0001\000.\0004\000\040\000M\000e\000m\000e\000c\000a\000h\000k\000a\000n\000\040\000P\000a\000k\000e\000t\000\040\000D\000a\000t\000a}{section.3.1}% 29
\BOOKMARK [2][-]{subsection.3.1.5}{\376\377\0003\000.\0001\000.\0005\000\040\000K\000o\000n\000t\000r\000o\000l\000\040\000N\000a\000v\000i\000g\000a\000s\000i}{section.3.1}% 30
\BOOKMARK [1][-]{section.3.2}{\376\377\0003\000.\0002\000\040\000I\000m\000p\000l\000e\000m\000e\000n\000t\000a\000s\000i\000\040\000A\000l\000a\000t}{chapter.3}% 31
\BOOKMARK [2][-]{subsection.3.2.1}{\376\377\0003\000.\0002\000.\0001\000\040\000H\000a\000r\000d\000w\000a\000r\000e\000\040\000d\000a\000n\000\040\000S\000o\000f\000t\000w\000a\000r\000e\000\040\000y\000a\000n\000g\000\040\000d\000i\000g\000u\000n\000a\000k\000a\000n}{section.3.2}% 32
\BOOKMARK [2][-]{subsection.3.2.2}{\376\377\0003\000.\0002\000.\0002\000\040\000S\000k\000e\000m\000a\000t\000i\000k\000\040\000A\000l\000a\000t}{section.3.2}% 33
\BOOKMARK [1][-]{section.3.3}{\376\377\0003\000.\0003\000\040\000K\000o\000d\000e\000\040\000P\000r\000o\000g\000r\000a\000m}{chapter.3}% 34
\BOOKMARK [2][-]{subsection.3.3.1}{\376\377\0003\000.\0003\000.\0001\000\040\000P\000r\000o\000g\000r\000a\000m\000\040\000U\000n\000t\000u\000k\000\040\000M\000e\000m\000e\000r\000i\000k\000s\000a\000\040\000M\000A\000C\000\040\000A\000d\000d\000r\000e\000s\000s\000\040\000P\000a\000d\000a\000\040\000E\000S\000P\0003\0002}{section.3.3}% 35
\BOOKMARK [2][-]{subsection.3.3.2}{\376\377\0003\000.\0003\000.\0002\000\040\000P\000r\000o\000g\000r\000a\000m\000\040\000U\000n\000t\000u\000k\000\040\000M\000e\000n\000e\000r\000i\000m\000a\000\040\000D\000a\000t\000a\000\040\000S\000t\000r\000i\000n\000g\000\040\000M\000e\000l\000a\000l\000u\000i\000\040\000B\000l\000u\000e\000t\000o\000o\000t\000h\000\040\000P\000a\000d\000a\000\040\000E\000S\000P\0003\0002}{section.3.3}% 36
\BOOKMARK [2][-]{subsection.3.3.3}{\376\377\0003\000.\0003\000.\0003\000\040\000P\000r\000o\000g\000r\000a\000m\000\040\000U\000n\000t\000u\000k\000\040\000M\000e\000n\000e\000r\000i\000m\000a\000\040\000D\000a\000t\000a\000\040\000J\000S\000O\000N\000\040\000M\000e\000l\000a\000l\000u\000i\000\040\000B\000l\000u\000e\000t\000o\000o\000t\000h\000\040\000P\000a\000d\000a\000\040\000E\000S\000P\0003\0002}{section.3.3}% 37
\BOOKMARK [2][-]{subsection.3.3.4}{\376\377\0003\000.\0003\000.\0004\000\040\000P\000r\000o\000g\000r\000a\000m\000\040\000U\000n\000t\000u\000k\000\040\000M\000e\000n\000e\000r\000i\000m\000a\000\040\000D\000a\000t\000a\000\040\000S\000t\000r\000i\000n\000g\000\040\000M\000e\000l\000a\000l\000u\000i\000\040\000A\000c\000c\000e\000s\000s\000\040\000P\000o\000i\000n\000t\000\040\000W\000i\000F\000i\000\040\000P\000a\000d\000a\000\040\000E\000S\000P\0003\0002}{section.3.3}% 38
\BOOKMARK [2][-]{subsection.3.3.5}{\376\377\0003\000.\0003\000.\0005\000\040\000P\000r\000o\000g\000r\000a\000m\000\040\000U\000n\000t\000u\000k\000\040\000M\000e\000n\000e\000r\000i\000m\000a\000\040\000D\000a\000t\000a\000\040\000J\000S\000O\000N\000\040\000M\000e\000l\000a\000l\000u\000i\000\040\000A\000c\000c\000e\000s\000s\000\040\000P\000o\000i\000n\000t\000\040\000W\000i\000F\000i\000\040\000P\000a\000d\000a\000\040\000E\000S\000P\0003\0002}{section.3.3}% 39
\BOOKMARK [2][-]{subsection.3.3.6}{\376\377\0003\000.\0003\000.\0006\000\040\000P\000r\000o\000g\000r\000a\000m\000\040\000U\000n\000t\000u\000k\000\040\000M\000e\000n\000g\000u\000j\000i\000\040\000R\000a\000n\000g\000k\000a\000i\000a\000n\000\040\000K\000o\000n\000t\000r\000o\000l\000\040\000E\000S\000P\0003\0002}{section.3.3}% 40
\BOOKMARK [2][-]{subsection.3.3.7}{\376\377\0003\000.\0003\000.\0007\000\040\000P\000r\000o\000g\000r\000a\000m\000\040\000U\000n\000t\000u\000k\000\040\000M\000e\000n\000g\000i\000r\000i\000m\000\040\000D\000a\000t\000a\000\040\000S\000t\000r\000i\000n\000g\000\040\000M\000e\000l\000a\000l\000u\000i\000\040\000B\000l\000u\000e\000t\000o\000o\000t\000h}{section.3.3}% 41
\BOOKMARK [2][-]{subsection.3.3.8}{\376\377\0003\000.\0003\000.\0008\000\040\000P\000r\000o\000g\000r\000a\000m\000\040\000U\000n\000t\000u\000k\000\040\000M\000e\000n\000g\000i\000r\000i\000m\000\040\000D\000a\000t\000a\000\040\000S\000t\000r\000i\000n\000g\000\040\000M\000e\000l\000a\000l\000u\000i\000\040\000W\000i\000F\000i}{section.3.3}% 42
\BOOKMARK [2][-]{subsection.3.3.9}{\376\377\0003\000.\0003\000.\0009\000\040\000P\000r\000o\000g\000r\000a\000m\000\040\000U\000n\000t\000u\000k\000\040\000M\000e\000n\000g\000i\000r\000i\000m\000\040\000D\000a\000t\000a\000\040\000J\000S\000O\000N\000\040\000M\000e\000l\000a\000l\000u\000i\000\040\000B\000l\000u\000e\000t\000o\000o\000t\000h}{section.3.3}% 43
\BOOKMARK [2][-]{subsection.3.3.10}{\376\377\0003\000.\0003\000.\0001\0000\000\040\000P\000r\000o\000g\000r\000a\000m\000\040\000U\000n\000t\000u\000k\000\040\000M\000e\000n\000g\000i\000r\000i\000m\000\040\000D\000a\000t\000a\000\040\000J\000S\000O\000N\000\040\000M\000e\000l\000a\000l\000u\000i\000\040\000W\000i\000F\000i}{section.3.3}% 44
\BOOKMARK [0][-]{chapter.4}{\376\377\0004\000\040\000P\000E\000N\000G\000U\000J\000I\000A\000N\000\040\000D\000A\000N\000\040\000A\000N\000A\000L\000I\000S\000I\000S}{}% 45
\BOOKMARK [1][-]{section.4.1}{\376\377\0004\000.\0001\000\040\000S\000k\000e\000n\000a\000r\000i\000o\000\040\000P\000e\000n\000g\000u\000j\000i\000a\000n}{chapter.4}% 46
\BOOKMARK [1][-]{section.4.2}{\376\377\0004\000.\0002\000\040\000E\000v\000a\000l\000u\000a\000s\000i\000\040\000P\000e\000n\000g\000u\000j\000i\000a\000n}{chapter.4}% 47
\BOOKMARK [0][-]{chapter.5}{\376\377\0005\000\040\000P\000E\000N\000U\000T\000U\000P}{}% 48
\BOOKMARK [1][-]{section.5.1}{\376\377\0005\000.\0001\000\040\000K\000e\000s\000i\000m\000p\000u\000l\000a\000n}{chapter.5}% 49
\BOOKMARK [1][-]{section.5.2}{\376\377\0005\000.\0002\000\040\000S\000a\000r\000a\000n}{chapter.5}% 50
\BOOKMARK [0][-]{chapter*.5}{\376\377\000D\000A\000F\000T\000A\000R\000\040\000P\000U\000S\000T\000A\000K\000A}{}% 51
\BOOKMARK [0][-]{chapter*.5}{\376\377\000B\000I\000O\000G\000R\000A\000F\000I\000\040\000P\000E\000N\000U\000L\000I\000S}{}% 52
